\BOOKMARK [0][-]{chapter.1}{Introduzione}{}% 1
\BOOKMARK [1][-]{section.1.1}{La ricerca delle mutazioni genetiche}{chapter.1}% 2
\BOOKMARK [2][-]{subsection.1.1.1}{L'analisi del DNA}{section.1.1}% 3
\BOOKMARK [2][-]{subsection.1.1.2}{Il metodo GATK-LODn e le sue radici}{section.1.1}% 4
\BOOKMARK [2][-]{subsection.1.1.3}{Il ruolo della fisica nella ricerca biomedica}{section.1.1}% 5
\BOOKMARK [1][-]{section.1.2}{Lo strumento di sviluppo: Snakemake}{chapter.1}% 6
\BOOKMARK [2][-]{subsection.1.2.1}{I file di configurazione in Snakemake}{section.1.2}% 7
\BOOKMARK [1][-]{section.1.3}{I dispositivi low power}{chapter.1}% 8
\BOOKMARK [0][-]{chapter.2}{Procedimento}{}% 9
\BOOKMARK [1][-]{section.2.1}{Il corpo delle analisi}{chapter.2}% 10
\BOOKMARK [2][-]{subsection.2.1.1}{Installazione}{section.2.1}% 11
\BOOKMARK [2][-]{subsection.2.1.2}{Esecuzione}{section.2.1}% 12
\BOOKMARK [2][-]{subsection.2.1.3}{Configurazione}{section.2.1}% 13
\BOOKMARK [1][-]{section.2.2}{Studio statistico}{chapter.2}% 14
\BOOKMARK [2][-]{subsection.2.2.1}{Analisi sul tempo di esecuzione}{section.2.2}% 15
\BOOKMARK [2][-]{subsection.2.2.2}{Analisi sulla memoria fisica}{section.2.2}% 16
\BOOKMARK [2][-]{subsection.2.2.3}{Le simulazioni completate}{section.2.2}% 17
\BOOKMARK [0][-]{chapter.3}{Risultati}{}% 18
\BOOKMARK [1][-]{section.3.1}{Tempi di esecuzione}{chapter.3}% 19
\BOOKMARK [2][-]{subsection.3.1.1}{Tempi e regole}{section.3.1}% 20
\BOOKMARK [2][-]{subsection.3.1.2}{Durata complessiva}{section.3.1}% 21
\BOOKMARK [2][-]{subsection.3.1.3}{Tempi per stessi range}{section.3.1}% 22
\BOOKMARK [1][-]{section.3.2}{Memoria utilizzata}{chapter.3}% 23
\BOOKMARK [2][-]{subsection.3.2.1}{Consumo di memoria per le regole}{section.3.2}% 24
\BOOKMARK [2][-]{subsection.3.2.2}{Memoria utilizzata per intervalli con stesso range}{section.3.2}% 25
\BOOKMARK [0][-]{chapter.4}{Conclusioni}{}% 26
