This is pdfTeX, Version 3.14159265-2.6-1.40.17 (TeX Live 2016/Debian) (preloaded format=pdflatex 2017.5.4)  7 AUG 2017 17:11
entering extended mode
 restricted \write18 enabled.
 %&-line parsing enabled.
**Tesi.tex
(./Tesi.tex
LaTeX2e <2017/01/01> patch level 3
Babel <3.9r> and hyphenation patterns for 83 language(s) loaded.
(/usr/share/texlive/texmf-dist/tex/latex/base/report.cls
Document Class: report 2014/09/29 v1.4h Standard LaTeX document class
(/usr/share/texlive/texmf-dist/tex/latex/base/size12.clo
File: size12.clo 2014/09/29 v1.4h Standard LaTeX file (size option)
)
\c@part=\count79
\c@chapter=\count80
\c@section=\count81
\c@subsection=\count82
\c@subsubsection=\count83
\c@paragraph=\count84
\c@subparagraph=\count85
\c@figure=\count86
\c@table=\count87
\abovecaptionskip=\skip41
\belowcaptionskip=\skip42
\bibindent=\dimen102
)
(/usr/share/texlive/texmf-dist/tex/generic/babel/babel.sty
Package: babel 2016/04/23 3.9r The Babel package

(/usr/share/texlive/texmf-dist/tex/generic/babel-italian/italian.ldf
Language: italian 2015/03/26 v1.3n Italian support from the babel system

(/usr/share/texlive/texmf-dist/tex/generic/babel/babel.def
File: babel.def 2016/04/23 3.9r Babel common definitions
\babel@savecnt=\count88
\U@D=\dimen103
)
\it@lettering=\count89
\it@doublequoteactive=\count90
\it@ISOcompliance=\count91
))
(/usr/share/texlive/texmf-dist/tex/latex/etoolbox/etoolbox.sty
Package: etoolbox 2017/01/02 v2.4 e-TeX tools for LaTeX (JAW)
\etb@tempcnta=\count92
) (./Tesi.aux)
\openout1 = `Tesi.aux'.

LaTeX Font Info:    Checking defaults for OML/cmm/m/it on input line 11.
LaTeX Font Info:    ... okay on input line 11.
LaTeX Font Info:    Checking defaults for T1/cmr/m/n on input line 11.
LaTeX Font Info:    ... okay on input line 11.
LaTeX Font Info:    Checking defaults for OT1/cmr/m/n on input line 11.
LaTeX Font Info:    ... okay on input line 11.
LaTeX Font Info:    Checking defaults for OMS/cmsy/m/n on input line 11.
LaTeX Font Info:    ... okay on input line 11.
LaTeX Font Info:    Checking defaults for OMX/cmex/m/n on input line 11.
LaTeX Font Info:    ... okay on input line 11.
LaTeX Font Info:    Checking defaults for U/cmr/m/n on input line 11.
LaTeX Font Info:    ... okay on input line 11.
LaTeX Info: Redefining \it@ocap on input line 11.
LaTeX Info: Redefining \it@ccap on input line 11.


File italian.ldf warning: 
italian.ldf    With OT1 encoding guillemets are poorly faked
italian.ldf    Use T1 encoding
italian.ldf    or specify a font with command \CaporaliFrom
italian.ldf    See the documentation concerning the babel-italian typesetting 
italian.ldf    on input line 11.

Missing character: There is no Ã in font cmr12!
Missing character: There is no ¹ in font cmr12!
Missing character: There is no Ã in font cmr12!
Missing character: There is no ¹ in font cmr12!
Missing character: There is no Ã in font cmr12!
Missing character: There is no ¨ in font cmr12!
Missing character: There is no Ã in font cmr12!
Missing character: There is no ¨ in font cmr12!
Missing character: There is no Ã in font cmr12!
Missing character: There is no ¹ in font cmr12!
LaTeX Font Info:    External font `cmex10' loaded for size
(Font)              <12> on input line 18.
LaTeX Font Info:    External font `cmex10' loaded for size
(Font)              <8> on input line 18.
LaTeX Font Info:    External font `cmex10' loaded for size
(Font)              <6> on input line 18.
Missing character: There is no Ã in font cmr12!
Missing character: There is no ¹ in font cmr12!
Missing character: There is no Ã in font cmr12!
Missing character: There is no ¨ in font cmr12!
Missing character: There is no Ã in font cmr12!
Missing character: There is no ¨ in font cmr12!
Missing character: There is no Ã in font cmr12!
Missing character: There is no   in font cmr12!
Missing character: There is no Ã in font cmr12!
Missing character: There is no   in font cmr12!
Missing character: There is no Ã in font cmr12!
Missing character: There is no   in font cmr12!
Missing character: There is no Ã in font cmr12!
Missing character: There is no ² in font cmr12!
Missing character: There is no Ã in font cmr12!
Missing character: There is no ¨ in font cmr12!
Missing character: There is no Ã in font cmr12!
Missing character: There is no ¨ in font cmr12!
Missing character: There is no Ã in font cmr12!
Missing character: There is no ¨ in font cmr12!
Missing character: There is no Ã in font cmr12!
Missing character: There is no ¨ in font cmr12!
Missing character: There is no Ã in font cmr12!
Missing character: There is no ¨ in font cmr12!
Missing character: There is no Ã in font cmr12!
Missing character: There is no   in font cmr12!
Missing character: There is no Ã in font cmr12!
Missing character: There is no ² in font cmr12!
Missing character: There is no Ã in font cmr12!
Missing character: There is no   in font cmr12!
Missing character: There is no Ã in font cmr12!
Missing character: There is no   in font cmr12!
Missing character: There is no Ã in font cmr12!
Missing character: There is no   in font cmr12!
Missing character: There is no Ã in font cmr12!
Missing character: There is no ¬ in font cmr12!
[1{/var/lib/texmf/fonts/map/pdftex/updmap/pdftex.map}

]
Missing character: There is no Ã in font cmr12!
Missing character: There is no   in font cmr12!
Missing character: There is no Ã in font cmr12!
Missing character: There is no ¹ in font cmr12!
Missing character: There is no Ã in font cmr12!
Missing character: There is no   in font cmr12!
Missing character: There is no Ã in font cmr12!
Missing character: There is no ¨ in font cmr12!
Missing character: There is no Ã in font cmr12!
Missing character: There is no ¹ in font cmr12!
Missing character: There is no Ã in font cmr12!
Missing character: There is no   in font cmr12!
Missing character: There is no Ã in font cmr12!
Missing character: There is no   in font cmr12!
Missing character: There is no Ã in font cmr12!
Missing character: There is no ¹ in font cmr12!
 [2] (./Tesi.aux) ) 
Here is how much of TeX's memory you used:
 1026 strings out of 493013
 11984 string characters out of 6135683
 81930 words of memory out of 5000000
 4627 multiletter control sequences out of 15000+600000
 7334 words of font info for 26 fonts, out of 8000000 for 9000
 1141 hyphenation exceptions out of 8191
 23i,4n,23p,777b,140s stack positions out of 5000i,500n,10000p,200000b,80000s
</usr/share/texlive/texmf-dist/fonts/type1/public/amsfonts/c
m/cmbx12.pfb></usr/share/texlive/texmf-dist/fonts/type1/public/amsfonts/cm/cmr1
2.pfb></usr/share/texlive/texmf-dist/fonts/type1/public/amsfonts/cm/cmr8.pfb>
Output written on Tesi.pdf (2 pages, 36484 bytes).
PDF statistics:
 23 PDF objects out of 1000 (max. 8388607)
 15 compressed objects within 1 object stream
 0 named destinations out of 1000 (max. 500000)
 1 words of extra memory for PDF output out of 10000 (max. 10000000)

